	Exporter version: 4.6.1, Blender version: 2.78 (sub 0)
========= Conversion from Blender to Babylon.js =========
	Scene settings used:
		selected layers only:  false
		flat shading entire scene:  false
		inline textures:  false
		texture directory:  /home/alehander42/delirium/assets/
	Python World class constructor completed
	WARNING: No active camera has been assigned, or is not in a currently selected Blender layer
	processing begun of mesh:  Grid
		processing begun of Standard material:  Material.001
		num positions      :  218
		num normals        :  218
		num uvs            :  0
		num uvs2           :  0
		num colors         :  0
		num indices        :  1140
========= Writing of scene file started =========
========= Writing of scene file completed =========
========= end of processing =========
elapsed time:  0 min, 0.038 secs
